Added Component: Designator=P1(GPIO20x2)
Added Pin To Net: NetName=3.3V Pin=P1-1
Added Pin To Net: NetName=5V Pin=P1-2
Added Pin To Net: NetName=I2C0_SDA Pin=P1-3
Added Pin To Net: NetName=5V Pin=P1-4
Added Pin To Net: NetName=I2C0_SCL Pin=P1-5
Added Pin To Net: NetName=GND Pin=P1-6
Added Pin To Net: NetName=GPIO_04 Pin=P1-7
Added Pin To Net: NetName=UART0_TXD Pin=P1-8
Added Pin To Net: NetName=GND Pin=P1-9
Added Pin To Net: NetName=UART0_RXD Pin=P1-10
Added Pin To Net: NetName=GPIO_17 Pin=P1-11
Added Pin To Net: NetName=LCD_H_CS Pin=P1-12
Added Pin To Net: NetName=TP_IRQ Pin=P1-13
Added Pin To Net: NetName=GND Pin=P1-14
Added Pin To Net: NetName=LCD_RD Pin=P1-15
Added Pin To Net: NetName=LCD_DC Pin=P1-16
Added Pin To Net: NetName=3.3V Pin=P1-17
Added Pin To Net: NetName=LCD_RESET Pin=P1-18
Added Pin To Net: NetName=TP_SI Pin=P1-19
Added Pin To Net: NetName=GND Pin=P1-20
Added Pin To Net: NetName=TP_SO Pin=P1-21
Added Pin To Net: NetName=LCD_LED Pin=P1-22
Added Pin To Net: NetName=TP_SCLK Pin=P1-23
Added Pin To Net: NetName=TP_CS Pin=P1-24
Added Pin To Net: NetName=GND Pin=P1-25
Added Pin To Net: NetName=SPI0_CE1 Pin=P1-26
Added Pin To Net: NetName=ID_SC Pin=P1-27
Added Pin To Net: NetName=ID_SD Pin=P1-28
Added Pin To Net: NetName=GND Pin=P1-29
Added Pin To Net: NetName=LCD_WR Pin=P1-30
Added Pin To Net: NetName=LCD_DB1 Pin=P1-31
Added Pin To Net: NetName=LCD_DB0 Pin=P1-32
Added Pin To Net: NetName=GND Pin=P1-33
Added Pin To Net: NetName=LCD_DB2 Pin=P1-34
Added Pin To Net: NetName=LCD_DB3 Pin=P1-35
Added Pin To Net: NetName=LCD_DB4 Pin=P1-36
Added Pin To Net: NetName=LCD_DB5 Pin=P1-37
Added Pin To Net: NetName=LCD_DB7 Pin=P1-38
Added Pin To Net: NetName=LCD_DB6 Pin=P1-39
Added Pin To Net: NetName=GND Pin=P1-40
Added Member To Class: ClassName=HVGA Member=Component P1 raspberry_b+
Added Room: Name=HVGA
